{
  "RSpec": {
    "coverage": {
      "/Users/cece/turing/3mod/projects/sweater_weather/app/controllers/api/v1/backgrounds_controller.rb": {
        "lines": [
          1,
          1,
          1,
          1,
          1,
          null,
          null
        ]
      },
      "/Users/cece/turing/3mod/projects/sweater_weather/app/controllers/application_controller.rb": {
        "lines": [
          1,
          null
        ]
      },
      "/Users/cece/turing/3mod/projects/sweater_weather/app/facades/background_image_facade.rb": {
        "lines": [
          1,
          1,
          null,
          1,
          1,
          1,
          null,
          null,
          1,
          1,
          null,
          null,
          1,
          1,
          1,
          null,
          1,
          null,
          null
        ]
      },
      "/Users/cece/turing/3mod/projects/sweater_weather/app/services/background_image_service.rb": {
        "lines": [
          1,
          1,
          1,
          null,
          null,
          1,
          null,
          1,
          1,
          1,
          null,
          null,
          null,
          1,
          1,
          1,
          null,
          null
        ]
      },
      "/Users/cece/turing/3mod/projects/sweater_weather/app/poros/background_image.rb": {
        "lines": [
          1,
          1,
          null,
          null,
          null,
          null,
          1,
          1,
          1,
          1,
          1,
          null,
          null
        ]
      },
      "/Users/cece/turing/3mod/projects/sweater_weather/app/serializers/backgrounds_serializer.rb": {
        "lines": [
          1,
          1,
          1,
          null,
          1,
          1,
          null,
          null
        ]
      },
      "/Users/cece/turing/3mod/projects/sweater_weather/app/controllers/api/v1/routes_controller.rb": {
        "lines": [
          1,
          1,
          null,
          null
        ]
      },
      "/Users/cece/turing/3mod/projects/sweater_weather/app/controllers/api/v1/forecast_controller.rb": {
        "lines": [
          1,
          1,
          1,
          null,
          1,
          1,
          1,
          null,
          1,
          null,
          null
        ]
      },
      "/Users/cece/turing/3mod/projects/sweater_weather/app/facades/map_quest_facade.rb": {
        "lines": [
          1,
          1,
          null,
          1,
          1,
          1,
          null,
          null,
          1,
          1,
          null,
          null,
          1,
          1,
          null,
          1,
          null,
          null
        ]
      },
      "/Users/cece/turing/3mod/projects/sweater_weather/app/services/map_quest_service.rb": {
        "lines": [
          1,
          1,
          1,
          null,
          null,
          1,
          null,
          1,
          1,
          1,
          null,
          null,
          null,
          1,
          1,
          1,
          null,
          null
        ]
      },
      "/Users/cece/turing/3mod/projects/sweater_weather/app/poros/coordinate.rb": {
        "lines": [
          1,
          1,
          null,
          null,
          1,
          1,
          1,
          null,
          null
        ]
      },
      "/Users/cece/turing/3mod/projects/sweater_weather/app/serializers/forecast_serializer.rb": {
        "lines": [
          1,
          1,
          1,
          null
        ]
      },
      "/Users/cece/turing/3mod/projects/sweater_weather/app/facades/forecast_facade.rb": {
        "lines": [
          1,
          1,
          null,
          null,
          1,
          1,
          1,
          1,
          null,
          null,
          1,
          3,
          null,
          null,
          1,
          1,
          null,
          null,
          1,
          1,
          null,
          1,
          null,
          null,
          1,
          1,
          null,
          null,
          48,
          1,
          null,
          null,
          1,
          1,
          null,
          null,
          8,
          1,
          null,
          null
        ]
      },
      "/Users/cece/turing/3mod/projects/sweater_weather/app/services/weather_service.rb": {
        "lines": [
          1,
          1,
          3,
          null,
          null,
          1,
          null,
          1,
          3,
          3,
          null,
          null,
          null,
          1,
          3,
          3,
          null,
          null
        ]
      },
      "/Users/cece/turing/3mod/projects/sweater_weather/app/poros/weather.rb": {
        "lines": [
          1,
          1,
          null,
          null,
          null,
          null,
          1,
          1,
          1,
          1,
          1,
          null,
          null
        ]
      },
      "/Users/cece/turing/3mod/projects/sweater_weather/app/poros/current_forecast.rb": {
        "lines": [
          1,
          1,
          null,
          null,
          null,
          null,
          null,
          null,
          null,
          null,
          null,
          null,
          null,
          1,
          1,
          1,
          1,
          1,
          1,
          1,
          1,
          1,
          1,
          1,
          1,
          null,
          null
        ]
      },
      "/Users/cece/turing/3mod/projects/sweater_weather/app/poros/hourly_forecast.rb": {
        "lines": [
          1,
          1,
          null,
          null,
          null,
          1,
          48,
          48,
          48,
          null,
          null
        ]
      },
      "/Users/cece/turing/3mod/projects/sweater_weather/app/poros/daily_forecast.rb": {
        "lines": [
          1,
          1,
          null,
          null,
          null,
          null,
          null,
          null,
          null,
          null,
          1,
          8,
          8,
          8,
          8,
          8,
          8,
          8,
          8,
          null,
          null
        ]
      }
    },
    "timestamp": 1600702816
  }
}
